Arguments: 
  /Users/pavel/.nvm/versions/node/v17.4.0/bin/node /opt/homebrew/Cellar/yarn/1.22.19/libexec/bin/yarn.js start

PATH: 
  /Users/pavel/.nvm/versions/node/v17.4.0/bin:/opt/homebrew/bin:/opt/homebrew/sbin:/usr/local/bin:/usr/bin:/bin:/usr/sbin:/sbin:/Library/Apple/usr/bin:/Users/pavel/.nvm/versions/node/v17.4.0/bin:/opt/homebrew/bin:/opt/homebrew/sbin:/Users/pavel/.cargo/bin

Yarn version: 
  1.22.19

Node version: 
  17.4.0

Platform: 
  darwin arm64

Trace: 
  Error: Failed to replace env in config: ${NPM_PUBLISH_TOKEN}
      at /opt/homebrew/Cellar/yarn/1.22.19/libexec/lib/cli.js:94933:13
      at String.replace (<anonymous>)
      at envReplace (/opt/homebrew/Cellar/yarn/1.22.19/libexec/lib/cli.js:94928:16)
      at Function.normalizeConfig (/opt/homebrew/Cellar/yarn/1.22.19/libexec/lib/cli.js:31938:69)
      at NpmRegistry.<anonymous> (/opt/homebrew/Cellar/yarn/1.22.19/libexec/lib/cli.js:31968:34)
      at Generator.next (<anonymous>)
      at step (/opt/homebrew/Cellar/yarn/1.22.19/libexec/lib/cli.js:310:30)
      at /opt/homebrew/Cellar/yarn/1.22.19/libexec/lib/cli.js:321:13

npm manifest: 
  {
    "private": true,
    "workspaces": [
      "packages/*",
      "commander"
    ],
    "devDependencies": {
      "@astral/eslint-config-react-ts": "^1.3.2",
      "@astral/commitlint-config": "^1.4.1",
      "@astral/commander": "*",
      "@astral/illustrations": "*",
      "@mdx-js/react": "2.0.0",
      "@storybook/addon-actions": "6.5.8",
      "@storybook/addon-docs": "6.5.8",
      "@storybook/addon-essentials": "6.5.8",
      "@storybook/addon-links": "6.5.8",
      "@storybook/node-logger": "6.5.8",
      "@storybook/builder-webpack5": "6.5.8",
      "@storybook/manager-webpack5": "6.5.8",
      "webpack": "^5.73.0",
      "@storybook/preset-create-react-app": "^4.1.2",
      "@storybook/react": "^6.4.22",
      "chromatic": "^6.2.0",
      "commitlint": "^17.0.3",
      "eslint": "^8.17.0",
      "prettier": "^2.6.2",
      "husky": "^4.3.8",
      "lint-staged": "^11.1.2",
      "read-dir-names": "1.0.0",
      "rimraf": "^3.0.2",
      "stylelint": "^14.5.3",
      "typescript": "^4.7.3",
      "@types/react": "^18.0.12",
      "@types/react-dom": "^18.0.5",
      "react": "^18.1.0",
      "react-dom": "^18.1.0",
      "@astral/stylelint-config-styled": "^1.3.8"
    },
    "scripts": {
      "storybook": "npm run svgr --workspace=@astral/icons && start-storybook -p 6006",
      "build-storybook": "npm run svgr --workspace=@astral/icons && build-storybook",
      "chromatic": "chromatic --project-token 4692158faeb9",
      "lint": "npm run lint --workspaces --if-present",
      "lint:types": "npm run lint:types --workspaces --if-present",
      "lint:styles": "npm run lint:styles --workspaces --if-present",
      "publish": "npm run build --workspaces --if-present && npm run publish --workspaces --if-present"
    }
  }

yarn manifest: 
  No manifest

Lockfile: 
  No lockfile
